#-----------------------------------------------------------
# Vivado v2019.1 (64-bit)
# SW Build 2552052 on Fri May 24 14:49:42 MDT 2019
# IP Build 2548770 on Fri May 24 18:01:18 MDT 2019
# Start of session at: Tue Mar 10 20:28:19 2020
# Process ID: 11140
# Current directory: D:/Basys3/Basys3/Basys3_keyboard_hexa
# Command line: vivado.exe -gui_launcher_event rodinguilauncherevent34848 D:\Basys3\Basys3\Basys3_keyboard_hexa\Basys3_keyboard_hexa.xpr
# Log file: D:/Basys3/Basys3/Basys3_keyboard_hexa/vivado.log
# Journal file: D:/Basys3/Basys3/Basys3_keyboard_hexa\vivado.jou
#-----------------------------------------------------------
start_guopen_project D:/Basys3/Basys3/Basys3_keyboard_hexa/Basys3_keyboard_hexa.xpr
CRITICAL WARNING: [Project 1-19] Could not find the file 'D:/Datos/Downloads/Basys-3-Keyboard-2018.2-3/vivado_proj/archive_project_summary.txt'.
Scanning sources...
Finished scanning sources
WAWARNING: [filemgmt 56-3] Board Part Repository Path: Could not find the directory 'D:/Datos/Downloads/Basys-3-Keyboard-2018.2-3/vivado_proj/Basys-3-Keyboard.board'WARNING: [filemgmt 56-3] IP Repository Path: Could not find the directory 'D:/Datos/repo'.
INFO: [IP_Flow 19-234] Refreshing IP repositories
WARNING: [IP_Flow 19-2248] Failed to load user IP repository 'd:/Datos/repo'; Can't find the specified path.
If this directory should no longer be in your list of user repositories, go to the IP Settings dialog and remove it.
INFO: [IP_Flow 19-2313] Loaded Vivado IP repository 'D:/Vivado/2019.1/data/ip'.
open_project: Time (s): cpu = 00:00:40 ; elapsed = 00:00:21 . Memory (MB): peak = 716.340 ; gain = 121.359
exopen_hw
connect_hw_server
INFO: [Labtools 27-2285] Connecting to hw_server url TCP:localhost:3121
INFO: [Labtools 27-2222] Launching hw_server...
INFO: [Labtools 27-2221] Launch Output:

****** Xilinx hw_server v2019.1
  **** Build date : May 24 2019 at 15:13:31
    ** Copyright 1986-2019 Xilinx, Inc. All Rights Reserved.


open_hw_target
INFO: [Labtoolstcl 44-466] Opening hw_target localhost:3121/xilinx_tcf/Digilent/210183739958A
open_hw_target: Time (s): cpu = 00:00:09 ; elapsed = 00:00:09 . Memory (MB): peak = 1881.008 ; gain = 1107.672
set_property PROGRAM.FILE {D:/Basys3/Basys3/Basys3_keyboard_hexa/Basys3_keyboard_hexa.runs/impl_1/top.bit} [get_hw_devices xc7a35t_0]
current_hw_device [get_hw_devices xc7a35t_0]
refresh_hw_device -update_hw_probes false [lindex [get_hw_devices xc7a35t_0] 0]
INFO: [Labtools 27-1434] Device xc7a35t (JTAG device index = 0) is programmed with a design that has no supported debug core(s) in it.
set_property PROBES.FILE {} [get_hw_devices xc7a35t_0]
set_property FULL_PROBES.FILE {} [get_hw_devices xc7a35t_0]
set_property PROGRAM.FILE {D:/Basys3/Basys3/Basys3_keyboard_hexa/Basys3_keyboard_hexa.runs/impl_1/top.bit} [get_hw_devices xc7a35t_0]
program_hw_devices [get_hw_devices xc7a35t_0]
INFO: [Labtools 27-3164] End of startup status: HIGH
refresh_hw_device [lindex [get_hw_devices xc7a35t_0] 0]
INFO: [Labtools 27-1434] Device xc7a35t (JTAG device index = 0) is programmed with a design that has no supported debug core(s) in it.
ERROR: [Labtoolstcl 44-513] HW Target shutdown. Closing target: localhost:3121/xilinx_tcf/Digilent/210183739958A
INFO: [Labtoolstcl 44-466] Opening hw_target localhost:3121/xilinx_tcf/Digilent/210183739958A
INFO: [Labtools 27-1434] Device xc7a35t (JTAG device index = 0) is programmed with a design that has no supported debug core(s) in it.
WARNING: [Labtoolstcl 44-129] No matching hw_ila_data was found.
set_property PROBES.FILE {} [get_hw_devices xc7a35t_0]
set_property FULL_PROBES.FILE {} [get_hw_devices xc7a35t_0]
set_property PROGRAM.FILE {D:/Basys3/Basys3/Basys3_keyboard_hexa/Basys3_keyboard_hexa.runs/impl_1/top.bit} [get_hw_devices xc7a35t_0]
program_hw_devices [get_hw_devices xc7a35t_0]
INFO: [Labtools 27-3164] End of startup status: HIGH
refresh_hw_device [lindex [get_hw_devices xc7a35t_0] 0]
INFO: [Labtools 27-1434] Device xc7a35t (JTAG device index = 0) is programmed with a design that has no supported debug core(s) in it.
set_property PROBES.FILE {} [get_hw_devices xc7a35t_0]
set_property FULL_PROBES.FILE {} [get_hw_devices xc7a35t_0]
set_property PROGRAM.FILE {D:/Basys3/Basys3/Basys3_keyboard_hexa/Basys3_keyboard_hexa.runs/impl_1/top.bit} [get_hw_devices xc7a35t_0]
program_hw_devices [get_hw_devices xc7a35t_0]
INFO: [Labtools 27-3164] End of startup status: HIGH
refresh_hw_device [lindex [get_hw_devices xc7a35t_0] 0]
INFO: [Labtools 27-1434] Device xc7a35t (JTAG device index = 0) is programmed with a design that has no supported debug core(s) in it.
ERROR: [Labtoolstcl 44-513] HW Target shutdown. Closing target: localhost:3121/xilinx_tcf/Digilent/210183739958A
INFO: [Labtoolstcl 44-466] Opening hw_target localhost:3121/xilinx_tcf/Digilent/210183739958A
INFO: [Labtools 27-1434] Device xc7a35t (JTAG device index = 0) is programmed with a design that has no supported debug core(s) in it.
WARNING: [Labtoolstcl 44-129] No matching hw_ila_data was found.
ERROR: [Labtoolstcl 44-513] HW Target shutdown. Closing target: localhost:3121/xilinx_tcf/Digilent/210183739958A
INFO: [Labtoolstcl 44-466] Opening hw_target localhost:3121/xilinx_tcf/Digilent/210183739958A
INFO: [Labtools 27-1434] Device xc7a35t (JTAG device index = 0) is programmed with a design that has no supported debug core(s) in it.
WARNING: [Labtoolstcl 44-129] No matching hw_ila_data was found.
ERROR: [Labtoolstcl 44-513] HW Target shutdown. Closing target: localhost:3121/xilinx_tcf/Digilent/210183739958A
INFO: [Labtoolstcl 44-466] Opening hw_target localhost:3121/xilinx_tcf/Digilent/210183739958A
ERROR: [Labtools 27-2269] No devices detected on target localhost:3121/xilinx_tcf/Digilent/210183739958A.
Check cable connectivity and that the target board is powered up then
use the disconnect_hw_server and connect_hw_server to re-register this hardware target.
ERROR: [Common 17-39] 'open_hw_target' failed due to earlier errors.
ERROR: [Labtoolstcl 44-513] HW Target shutdown. Closing target: localhost:3121/xilinx_tcf/Digilent/210183739958A
INFO: [Labtoolstcl 44-466] Opening hw_target localhost:3121/xilinx_tcf/Digilent/210183739958A
INFO: [Labtools 27-1434] Device xc7a35t (JTAG device index = 0) is programmed with a design that has no supported debug core(s) in it.
WARNING: [Labtoolstcl 44-129] No matching hw_ila_data was found.
ERROR: [Labtoolstcl 44-513] HW Target shutdown. Closing target: localhost:3121/xilinx_tcf/Digilent/210183739958A
INFO: [Labtoolstcl 44-466] Opening hw_target localhost:3121/xilinx_tcf/Digilent/210183739958A
INFO: [Labtools 27-1434] Device xc7a35t (JTAG device index = 0) is programmed with a design that has no supported debug core(s) in it.
WARNING: [Labtoolstcl 44-129] No matching hw_ila_data was found.
close_hw
open_bd_design {D:/Basys3/Basys3/Basys3_keyboard_hexa/Basys3_keyboard_hexa.srcs/sources_1/bd/design_1/design_1.bd}
Successfully read diagram <design_1> from BD file <D:/Basys3/Basys3/Basys3_keyboard_hexa/Basys3_keyboard_hexa.srcs/sources_1/bd/design_1/design_1.bd>
open_bd_design: Time (s): cpu = 00:00:08 ; elapsed = 00:00:08 . Memory (MB): peak = 1959.465 ; gain = 1.418
reset_run impl_1 -prev_step 
launch_runs impl_1 -to_step write_bitstream -jobs 8
WARNING: [Vivado 12-872] Run step 'Design Initialization' is out-of-date.
[Tue Mar 10 20:53:55 2020] Launched impl_1...
Run output will be captured here: D:/Basys3/Basys3/Basys3_keyboard_hexa/Basys3_keyboard_hexa.runs/impl_1/runme.log
create_ip_run [get_files -of_objects [get_fileset sources_1] D:/Basys3/Basys3/Basys3_keyboard_hexa/Basys3_keyboard_hexa.srcs/sources_1/bd/design_1/design_1.bd]
synth_design -rtl -name rtl_1
Command: synth_design -rtl -name rtl_1
Starting synth_design
Using part: xc7a35tcpg236-1
Top: top
INFO: [Device 21-403] Loading part xc7a35tcpg236-1
ERROR: [Synth 8-1031] o is not declared [D:/Basys3/Basys3/Basys3_keyboard_hexa/Basys3_keyboard_hexa.srcs/sources_1/imports/hdl/PS2Receiver.v:64]
INFO: [Synth 8-2350] module PS2Receiver ignored due to previous errors [D:/Basys3/Basys3/Basys3_keyboard_hexa/Basys3_keyboard_hexa.srcs/sources_1/imports/hdl/PS2Receiver.v:23]
Failed to read verilog 'D:/Basys3/Basys3/Basys3_keyboard_hexa/Basys3_keyboard_hexa.srcs/sources_1/imports/hdl/PS2Receiver.v'
2 Infos, 0 Warnings, 0 Critical Warnings and 2 Errors encountered.
synth_design failed
ERROR: [Vivado_Tcl 4-5] Elaboration failed - please see the console for details
create_ip_run [get_files -of_objects [get_fileset sources_1] D:/Basys3/Basys3/Basys3_keyboard_hexa/Basys3_keyboard_hexa.srcs/sources_1/bd/design_1/design_1.bd]
synth_design -rtl -name rtl_1
Command: synth_design -rtl -name rtl_1
Starting synth_design
Using part: xc7a35tcpg236-1
Top: top
ERROR: [Synth 8-1031] o is not declared [D:/Basys3/Basys3/Basys3_keyboard_hexa/Basys3_keyboard_hexa.srcs/sources_1/imports/hdl/PS2Receiver.v:64]
INFO: [Synth 8-2350] module PS2Receiver ignored due to previous errors [D:/Basys3/Basys3/Basys3_keyboard_hexa/Basys3_keyboard_hexa.srcs/sources_1/imports/hdl/PS2Receiver.v:23]
Failed to read verilog 'D:/Basys3/Basys3/Basys3_keyboard_hexa/Basys3_keyboard_hexa.srcs/sources_1/imports/hdl/PS2Receiver.v'
1 Infos, 0 Warnings, 0 Critical Warnings and 2 Errors encountered.
synth_design failed
ERROR: [Vivado_Tcl 4-5] Elaboration failed - please see the console for details
create_ip_run [get_files -of_objects [get_fileset sources_1] D:/Basys3/Basys3/Basys3_keyboard_hexa/Basys3_keyboard_hexa.srcs/sources_1/bd/design_1/design_1.bd]
synth_design -rtl -name rtl_1
Command: synth_design -rtl -name rtl_1
Starting synth_design
Using part: xc7a35tcpg236-1
Top: top
WARNING: [Synth 8-6901] identifier 'NBYTES' is used before its declaration [D:/Basys3/Basys3/Basys3_keyboard_hexa/Basys3_keyboard_hexa.srcs/sources_1/imports/hdl/bin2ascii.v:24]
WARNING: [Synth 8-6901] identifier 'NBYTES' is used before its declaration [D:/Basys3/Basys3/Basys3_keyboard_hexa/Basys3_keyboard_hexa.srcs/sources_1/imports/hdl/bin2ascii.v:25]
---------------------------------------------------------------------------------
Starting RTL Elaboration : Time (s): cpu = 00:00:08 ; elapsed = 00:00:07 . Memory (MB): peak = 2385.598 ; gain = 4.539
---------------------------------------------------------------------------------
INFO: [Synth 8-6157] synthesizing module 'top' [D:/Basys3/Basys3/Basys3_keyboard_hexa/Basys3_keyboard_hexa.srcs/sources_1/imports/hdl/top.v:23]
INFO: [Synth 8-6157] synthesizing module 'PS2Receiver' [D:/Basys3/Basys3/Basys3_keyboard_hexa/Basys3_keyboard_hexa.srcs/sources_1/imports/hdl/PS2Receiver.v:23]
INFO: [Synth 8-6157] synthesizing module 'debouncer' [D:/Basys3/Basys3/Basys3_keyboard_hexa/Basys3_keyboard_hexa.srcs/sources_1/imports/hdl/debouncer.v:23]
	Parameter COUNT_MAX bound to: 19 - type: integer 
	Parameter COUNT_WIDTH bound to: 5 - type: integer 
INFO: [Synth 8-6155] done synthesizing module 'debouncer' (1#1) [D:/Basys3/Basys3/Basys3_keyboard_hexa/Basys3_keyboard_hexa.srcs/sources_1/imports/hdl/debouncer.v:23]
INFO: [Synth 8-155] case statement is not full and has no default [D:/Basys3/Basys3/Basys3_keyboard_hexa/Basys3_keyboard_hexa.srcs/sources_1/imports/hdl/PS2Receiver.v:55]
INFO: [Synth 8-6155] done synthesizing module 'PS2Receiver' (2#1) [D:/Basys3/Basys3/Basys3_keyboard_hexa/Basys3_keyboard_hexa.srcs/sources_1/imports/hdl/PS2Receiver.v:23]
WARNING: [Synth 8-567] referenced signal 'keycodev' should be on the sensitivity list [D:/Basys3/Basys3/Basys3_keyboard_hexa/Basys3_keyboard_hexa.srcs/sources_1/imports/hdl/top.v:69]
INFO: [Synth 8-6157] synthesizing module 'bin2ascii' [D:/Basys3/Basys3/Basys3_keyboard_hexa/Basys3_keyboard_hexa.srcs/sources_1/imports/hdl/bin2ascii.v:23]
	Parameter NBYTES bound to: 2 - type: integer 
INFO: [Synth 8-6155] done synthesizing module 'bin2ascii' (3#1) [D:/Basys3/Basys3/Basys3_keyboard_hexa/Basys3_keyboard_hexa.srcs/sources_1/imports/hdl/bin2ascii.v:23]
INFO: [Synth 8-6157] synthesizing module 'led' [D:/Basys3/Basys3/Basys3_keyboard_hexa/Basys3_keyboard_hexa.srcs/sources_1/new/led.v:22]
INFO: [Synth 8-6155] done synthesizing module 'led' (4#1) [D:/Basys3/Basys3/Basys3_keyboard_hexa/Basys3_keyboard_hexa.srcs/sources_1/new/led.v:22]
WARNING: [Synth 8-689] width (16) of port connection 'scan_code' does not match port width (8) of module 'led' [D:/Basys3/Basys3/Basys3_keyboard_hexa/Basys3_keyboard_hexa.srcs/sources_1/imports/hdl/top.v:103]
INFO: [Synth 8-6157] synthesizing module 'uart_buf_con' [D:/Basys3/Basys3/Basys3_keyboard_hexa/Basys3_keyboard_hexa.srcs/sources_1/imports/hdl/uart_buf_con.v:23]
INFO: [Synth 8-6155] done synthesizing module 'uart_buf_con' (5#1) [D:/Basys3/Basys3/Basys3_keyboard_hexa/Basys3_keyboard_hexa.srcs/sources_1/imports/hdl/uart_buf_con.v:23]
INFO: [Synth 8-6157] synthesizing module 'uart_tx' [D:/Basys3/Basys3/Basys3_keyboard_hexa/Basys3_keyboard_hexa.srcs/sources_1/imports/hdl/uart_tx.v:23]
	Parameter CD_MAX bound to: 10416 - type: integer 
	Parameter CD_WIDTH bound to: 16 - type: integer 
INFO: [Synth 8-6155] done synthesizing module 'uart_tx' (6#1) [D:/Basys3/Basys3/Basys3_keyboard_hexa/Basys3_keyboard_hexa.srcs/sources_1/imports/hdl/uart_tx.v:23]
INFO: [Synth 8-6155] done synthesizing module 'top' (7#1) [D:/Basys3/Basys3/Basys3_keyboard_hexa/Basys3_keyboard_hexa.srcs/sources_1/imports/hdl/top.v:23]
---------------------------------------------------------------------------------
Finished RTL Elaboration : Time (s): cpu = 00:00:10 ; elapsed = 00:00:10 . Memory (MB): peak = 2412.734 ; gain = 31.676
---------------------------------------------------------------------------------

Report Check Netlist: 
+------+------------------+-------+---------+-------+------------------+
|      |Item              |Errors |Warnings |Status |Description       |
+------+------------------+-------+---------+-------+------------------+
|1     |multi_driven_nets |      0|        0|Passed |Multi driven nets |
+------+------------------+-------+---------+-------+------------------+
---------------------------------------------------------------------------------
Start Handling Custom Attributes
---------------------------------------------------------------------------------
---------------------------------------------------------------------------------
Finished Handling Custom Attributes : Time (s): cpu = 00:00:10 ; elapsed = 00:00:10 . Memory (MB): peak = 2430.598 ; gain = 49.539
---------------------------------------------------------------------------------
---------------------------------------------------------------------------------
Finished RTL Optimization Phase 1 : Time (s): cpu = 00:00:10 ; elapsed = 00:00:10 . Memory (MB): peak = 2430.598 ; gain = 49.539
---------------------------------------------------------------------------------
INFO: [Project 1-570] Preparing netlist for logic optimization

Processing XDC Constraints
Initializing timing engine
Parsing XDC File [D:/Basys3/Basys3/Basys3_keyboard_hexa/Basys3_keyboard_hexa.srcs/constrs_1/imports/constraints/Basys3_Master.xdc]
Finished Parsing XDC File [D:/Basys3/Basys3/Basys3_keyboard_hexa/Basys3_keyboard_hexa.srcs/constrs_1/imports/constraints/Basys3_Master.xdc]
Completed Processing XDC Constraints

INFO: [Opt 31-138] Pushed 0 inverter(s) to 0 load pin(s).
Netlist sorting complete. Time (s): cpu = 00:00:00 ; elapsed = 00:00:00.001 . Memory (MB): peak = 2553.129 ; gain = 0.000
INFO: [Project 1-111] Unisim Transformation Summary:
No Unisim elements were transformed.

RTL Elaboration Complete:  : Time (s): cpu = 00:00:30 ; elapsed = 00:00:20 . Memory (MB): peak = 2569.648 ; gain = 188.590
18 Infos, 4 Warnings, 0 Critical Warnings and 0 Errors encountered.
synth_design completed successfully
synth_design: Time (s): cpu = 00:00:30 ; elapsed = 00:00:21 . Memory (MB): peak = 2569.648 ; gain = 188.590
exit
INFO: [Common 17-206] Exiting Vivado at Tue Mar 10 21:06:10 2020...
