#-----------------------------------------------------------
# Vivado v2019.1 (64-bit)
# SW Build 2552052 on Fri May 24 14:49:42 MDT 2019
# IP Build 2548770 on Fri May 24 18:01:18 MDT 2019
# Start of session at: Wed Jan  8 19:27:29 2020
# Process ID: 4700
# Current directory: D:/Basys3/Basys3/Basys3_keyboard_hexa
# Command line: vivado.exe -gui_launcher_event rodinguilauncherevent27404 D:\Basys3\Basys3\Basys3_keyboard_hexa\Basys3_keyboard_hexa.xpr
# Log file: D:/Basys3/Basys3/Basys3_keyboard_hexa/vivado.log
# Journal file: D:/Basys3/Basys3/Basys3_keyboard_hexa\vivado.jou
#-----------------------------------------------------------
start_gui
open_project D:/Basys3/Basys3/Basys3_keyboard_hexa/Basys3_keyboard_hexa.xpr
INFO: [Project 1-313] Project file moved from 'D:/Laboratorios/Basys3/Basys3_keyboard_hexa' since last save.
CRITICAL WARNING: [Project 1-19] Could not find the file 'D:/Datos/Downloads/Basys-3-Keyboard-2018.2-3/vivado_proj/archive_project_summary.txt'.
Scanning sources...
Finished scanning sources
WARNING: [filemgmt 56-3] Board Part Repository Path: Could not find the directory 'D:/Datos/Downloads/Basys-3-Keyboard-2018.2-3/vivado_proj/Basys-3-Keyboard.board'.
WARNING: [filemgmt 56-3] IP Repository Path: Could not find the directory 'D:/Datos/repo'.
CRITICAL WARNING: [Board 49-67] The board_part definition was not found for digilentinc.com:basys3:part0:1.1. This can happen sometimes when you use custom board part. You can resolve this issue by setting 'board.repoPaths' parameter, pointing to the location of custom board files. Valid board_part values can be retrieved with the 'get_board_parts' Tcl command.
INFO: [IP_Flow 19-234] Refreshing IP repositories
WARNING: [IP_Flow 19-2248] Failed to load user IP repository 'd:/Datos/repo'; Can't find the specified path.
If this directory should no longer be in your list of user repositories, go to the IP Settings dialog and remove it.
INFO: [IP_Flow 19-2313] Loaded Vivado IP repository 'D:/Vivado/2019.1/data/ip'.
open_project: Time (s): cpu = 00:00:29 ; elapsed = 00:00:12 . Memory (MB): peak = 728.879 ; gain = 103.906
open_hw
connect_hw_server
INFO: [Labtools 27-2285] Connecting to hw_server url TCP:localhost:3121
INFO: [Labtools 27-2222] Launching hw_server...
INFO: [Labtools 27-2221] Launch Output:

****** Xilinx hw_server v2019.1
  **** Build date : May 24 2019 at 15:13:31
    ** Copyright 1986-2019 Xilinx, Inc. All Rights Reserved.


disconnect_hw_server localhost:3121
connect_hw_server
INFO: [Labtools 27-2285] Connecting to hw_server url TCP:localhost:3121
open_hw_target
INFO: [Labtoolstcl 44-466] Opening hw_target localhost:3121/xilinx_tcf/Digilent/210183739958A
open_hw_target: Time (s): cpu = 00:00:09 ; elapsed = 00:00:09 . Memory (MB): peak = 1882.055 ; gain = 1111.813
set_property PROGRAM.FILE {D:/Basys3/Basys3/Basys3_keyboard_hexa/Basys3_keyboard_hexa.runs/impl_1/top.bit} [get_hw_devices xc7a35t_0]
current_hw_device [get_hw_devices xc7a35t_0]
refresh_hw_device -update_hw_probes false [lindex [get_hw_devices xc7a35t_0] 0]
INFO: [Labtools 27-1434] Device xc7a35t (JTAG device index = 0) is programmed with a design that has no supported debug core(s) in it.
set_property PROBES.FILE {} [get_hw_devices xc7a35t_0]
set_property FULL_PROBES.FILE {} [get_hw_devices xc7a35t_0]
set_property PROGRAM.FILE {D:/Basys3/Basys3/Basys3_keyboard_hexa/Basys3_keyboard_hexa.runs/impl_1/top.bit} [get_hw_devices xc7a35t_0]
program_hw_devices [get_hw_devices xc7a35t_0]
INFO: [Labtools 27-3164] End of startup status: HIGH
refresh_hw_device [lindex [get_hw_devices xc7a35t_0] 0]
INFO: [Labtools 27-1434] Device xc7a35t (JTAG device index = 0) is programmed with a design that has no supported debug core(s) in it.
create_bd_design "design_1"
Wrote  : <D:\Basys3\Basys3\Basys3_keyboard_hexa\Basys3_keyboard_hexa.srcs\sources_1\bd\design_1\design_1.bd> 
create_bd_design: Time (s): cpu = 00:00:09 ; elapsed = 00:00:08 . Memory (MB): peak = 1953.512 ; gain = 2.020
open_bd_design {D:/Basys3/Basys3/Basys3_keyboard_hexa/Basys3_keyboard_hexa.srcs/sources_1/bd/design_1/design_1.bd}
open_bd_design {D:/Basys3/Basys3/Basys3_keyboard_hexa/Basys3_keyboard_hexa.srcs/sources_1/bd/design_1/design_1.bd}
ERROR: [Labtoolstcl 44-513] HW Target shutdown. Closing target: localhost:3121/xilinx_tcf/Digilent/210183739958A
exit
INFO: [Common 17-206] Exiting Vivado at Wed Jan  8 19:46:21 2020...
